[2024-11-16 20:15:53,518] 97 werkzeug - INFO - [31m[1mWARNING: This is a development server. Do not use it in a production deployment. Use a production WSGI server instead.[0m
 * Running on all addresses (0.0.0.0)
 * Running on http://127.0.0.1:5050
 * Running on http://140.203.84.251:5050
[2024-11-16 20:15:53,518] 97 werkzeug - INFO - [33mPress CTRL+C to quit[0m
[2024-11-16 20:16:06,466] 97 werkzeug - INFO - 127.0.0.1 - - [16/Nov/2024 20:16:06] "GET /predictdata HTTP/1.1" 200 -
[2024-11-16 20:16:22,113] 838 app - ERROR - Exception on /predictdata [POST]
Traceback (most recent call last):
  File "/Users/dhruvshrinet/Desktop/ML PROJECT/src/utils.py", line 56, in load_object
    with open(file_path, "rb") as file_obj:
         ^^^^^^^^^^^^^^^^^^^^^
FileNotFoundError: [Errno 2] No such file or directory: 'artifacts/preprocessor.pkl'

During handling of the above exception, another exception occurred:

Traceback (most recent call last):
  File "/Users/dhruvshrinet/Desktop/ML PROJECT/src/pipeline/predict_pipeline.py", line 15, in predict
    preprocessor = load_object(file_path=preprocessor_path)
                   ^^^^^^^^^^^^^^^^^^^^^^^^^^^^^^^^^^^^^^^^
  File "/Users/dhruvshrinet/Desktop/ML PROJECT/src/utils.py", line 60, in load_object
    raise CustomException(e, sys)
src.exception.CustomException: Error occured in python script [/Users/dhruvshrinet/Desktop/ML PROJECT/src/utils.py] line number[56] error message[[Errno 2] No such file or directory: 'artifacts/preprocessor.pkl']

During handling of the above exception, another exception occurred:

Traceback (most recent call last):
  File "/Users/dhruvshrinet/Desktop/ML PROJECT/.venv/lib/python3.11/site-packages/flask/app.py", line 1473, in wsgi_app
    response = self.full_dispatch_request()
               ^^^^^^^^^^^^^^^^^^^^^^^^^^^^
  File "/Users/dhruvshrinet/Desktop/ML PROJECT/.venv/lib/python3.11/site-packages/flask/app.py", line 882, in full_dispatch_request
    rv = self.handle_user_exception(e)
         ^^^^^^^^^^^^^^^^^^^^^^^^^^^^^
  File "/Users/dhruvshrinet/Desktop/ML PROJECT/.venv/lib/python3.11/site-packages/flask/app.py", line 880, in full_dispatch_request
    rv = self.dispatch_request()
         ^^^^^^^^^^^^^^^^^^^^^^^
  File "/Users/dhruvshrinet/Desktop/ML PROJECT/.venv/lib/python3.11/site-packages/flask/app.py", line 865, in dispatch_request
    return self.ensure_sync(self.view_functions[rule.endpoint])(**view_args)  # type: ignore[no-any-return]
           ^^^^^^^^^^^^^^^^^^^^^^^^^^^^^^^^^^^^^^^^^^^^^^^^^^^^^^^^^^^^^^^^^
  File "/Users/dhruvshrinet/Desktop/ML PROJECT/app.py", line 37, in predict_datapoint
    results=predict_pipeline.predict(pred_df)
            ^^^^^^^^^^^^^^^^^^^^^^^^^^^^^^^^^
  File "/Users/dhruvshrinet/Desktop/ML PROJECT/src/pipeline/predict_pipeline.py", line 21, in predict
    raise CustomException(e,sys)
src.exception.CustomException: Error occured in python script [/Users/dhruvshrinet/Desktop/ML PROJECT/src/pipeline/predict_pipeline.py] line number[15] error message[Error occured in python script [/Users/dhruvshrinet/Desktop/ML PROJECT/src/utils.py] line number[56] error message[[Errno 2] No such file or directory: 'artifacts/preprocessor.pkl']]
[2024-11-16 20:16:22,115] 97 werkzeug - INFO - 127.0.0.1 - - [16/Nov/2024 20:16:22] "[35m[1mPOST /predictdata HTTP/1.1[0m" 500 -
